[2025-01-20 04:44:30Z INFO HostContext] No proxy settings were found based on environmental variables (http_proxy/https_proxy/HTTP_PROXY/HTTPS_PROXY)
[2025-01-20 04:44:30Z INFO HostContext] Well known directory 'Bin': '/Volumes/Projects/Chatur/Demo Application/quotes-api/bin'
[2025-01-20 04:44:30Z INFO HostContext] Well known directory 'Root': '/Volumes/Projects/Chatur/Demo Application/quotes-api'
[2025-01-20 04:44:30Z INFO HostContext] Well known config file 'Credentials': '/Volumes/Projects/Chatur/Demo Application/quotes-api/.credentials'
[2025-01-20 04:44:30Z INFO HostContext] Well known directory 'Bin': '/Volumes/Projects/Chatur/Demo Application/quotes-api/bin'
[2025-01-20 04:44:30Z INFO HostContext] Well known directory 'Root': '/Volumes/Projects/Chatur/Demo Application/quotes-api'
[2025-01-20 04:44:30Z INFO HostContext] Well known config file 'Runner': '/Volumes/Projects/Chatur/Demo Application/quotes-api/.runner'
[2025-01-20 04:44:31Z INFO Listener] Runner is built for OSX (X64) - osx-x64.
[2025-01-20 04:44:31Z INFO Listener] RuntimeInformation: Darwin 24.1.0 Darwin Kernel Version 24.1.0: Thu Oct 10 21:02:45 PDT 2024; root:xnu-11215.41.3~2/RELEASE_ARM64_T8112.
[2025-01-20 04:44:31Z INFO Listener] Version: 2.321.0
[2025-01-20 04:44:31Z INFO Listener] Commit: e249007931b7c8e857797fa259c167f0bd4f997a
[2025-01-20 04:44:31Z INFO Listener] Culture: en-US
[2025-01-20 04:44:31Z INFO Listener] UI Culture: en-US
[2025-01-20 04:44:31Z INFO HostContext] Well known directory 'Bin': '/Volumes/Projects/Chatur/Demo Application/quotes-api/bin'
[2025-01-20 04:44:31Z INFO HostContext] Well known directory 'Root': '/Volumes/Projects/Chatur/Demo Application/quotes-api'
[2025-01-20 04:44:31Z INFO Listener] Validating directory permissions for: '/Volumes/Projects/Chatur/Demo Application/quotes-api'
[2025-01-20 04:44:31Z INFO CommandLineParser] Parse
[2025-01-20 04:44:31Z INFO CommandLineParser] Parsing 5 args
[2025-01-20 04:44:31Z INFO CommandLineParser] parsing argument
[2025-01-20 04:44:31Z INFO CommandLineParser] HasArgs: False
[2025-01-20 04:44:31Z INFO CommandLineParser] Adding Command: configure
[2025-01-20 04:44:31Z INFO CommandLineParser] parsing argument
[2025-01-20 04:44:31Z INFO CommandLineParser] HasArgs: True
[2025-01-20 04:44:31Z INFO CommandLineParser] arg: url
[2025-01-20 04:44:31Z INFO CommandLineParser] parsing argument
[2025-01-20 04:44:31Z INFO CommandLineParser] HasArgs: True
[2025-01-20 04:44:31Z INFO CommandLineParser] Adding option 'url': 'https://github.com/chaturj/quotable'
[2025-01-20 04:44:31Z INFO CommandLineParser] parsing argument
[2025-01-20 04:44:31Z INFO CommandLineParser] HasArgs: True
[2025-01-20 04:44:31Z INFO CommandLineParser] arg: token
[2025-01-20 04:44:31Z INFO CommandLineParser] parsing argument
[2025-01-20 04:44:31Z INFO CommandLineParser] HasArgs: True
[2025-01-20 04:44:31Z INFO CommandLineParser] Adding option 'token': '***'
[2025-01-20 04:44:31Z INFO Listener] Arguments parsed
[2025-01-20 04:44:31Z INFO Runner] ExecuteCommand
[2025-01-20 04:44:31Z INFO ConfigurationStore] currentAssemblyLocation: /Volumes/Projects/Chatur/Demo Application/quotes-api/bin/Runner.Listener.dll
[2025-01-20 04:44:31Z INFO HostContext] Well known directory 'Bin': '/Volumes/Projects/Chatur/Demo Application/quotes-api/bin'
[2025-01-20 04:44:31Z INFO ConfigurationStore] binPath: /Volumes/Projects/Chatur/Demo Application/quotes-api/bin
[2025-01-20 04:44:31Z INFO HostContext] Well known directory 'Bin': '/Volumes/Projects/Chatur/Demo Application/quotes-api/bin'
[2025-01-20 04:44:31Z INFO HostContext] Well known directory 'Root': '/Volumes/Projects/Chatur/Demo Application/quotes-api'
[2025-01-20 04:44:31Z INFO ConfigurationStore] RootFolder: /Volumes/Projects/Chatur/Demo Application/quotes-api
[2025-01-20 04:44:31Z INFO HostContext] Well known directory 'Bin': '/Volumes/Projects/Chatur/Demo Application/quotes-api/bin'
[2025-01-20 04:44:31Z INFO HostContext] Well known directory 'Root': '/Volumes/Projects/Chatur/Demo Application/quotes-api'
[2025-01-20 04:44:31Z INFO HostContext] Well known config file 'Runner': '/Volumes/Projects/Chatur/Demo Application/quotes-api/.runner'
[2025-01-20 04:44:31Z INFO ConfigurationStore] ConfigFilePath: /Volumes/Projects/Chatur/Demo Application/quotes-api/.runner
[2025-01-20 04:44:31Z INFO HostContext] Well known directory 'Bin': '/Volumes/Projects/Chatur/Demo Application/quotes-api/bin'
[2025-01-20 04:44:31Z INFO HostContext] Well known directory 'Root': '/Volumes/Projects/Chatur/Demo Application/quotes-api'
[2025-01-20 04:44:31Z INFO HostContext] Well known config file 'Credentials': '/Volumes/Projects/Chatur/Demo Application/quotes-api/.credentials'
[2025-01-20 04:44:31Z INFO ConfigurationStore] CredFilePath: /Volumes/Projects/Chatur/Demo Application/quotes-api/.credentials
[2025-01-20 04:44:31Z INFO HostContext] Well known directory 'Bin': '/Volumes/Projects/Chatur/Demo Application/quotes-api/bin'
[2025-01-20 04:44:31Z INFO HostContext] Well known directory 'Root': '/Volumes/Projects/Chatur/Demo Application/quotes-api'
[2025-01-20 04:44:31Z INFO HostContext] Well known config file 'MigratedCredentials': '/Volumes/Projects/Chatur/Demo Application/quotes-api/.credentials_migrated'
[2025-01-20 04:44:31Z INFO ConfigurationStore] MigratedCredFilePath: /Volumes/Projects/Chatur/Demo Application/quotes-api/.credentials_migrated
[2025-01-20 04:44:31Z INFO HostContext] Well known directory 'Bin': '/Volumes/Projects/Chatur/Demo Application/quotes-api/bin'
[2025-01-20 04:44:31Z INFO HostContext] Well known directory 'Root': '/Volumes/Projects/Chatur/Demo Application/quotes-api'
[2025-01-20 04:44:31Z INFO HostContext] Well known config file 'Service': '/Volumes/Projects/Chatur/Demo Application/quotes-api/.service'
[2025-01-20 04:44:31Z INFO ConfigurationStore] ServiceConfigFilePath: /Volumes/Projects/Chatur/Demo Application/quotes-api/.service
[2025-01-20 04:44:31Z INFO CommandSettings] Flag 'help': 'False'
[2025-01-20 04:44:31Z INFO CommandSettings] Flag 'version': 'False'
[2025-01-20 04:44:31Z INFO CommandSettings] Flag 'commit': 'False'
[2025-01-20 04:44:31Z INFO CommandSettings] Flag 'check': 'False'
[2025-01-20 04:44:31Z INFO CommandSettings] Command 'configure': 'True'
[2025-01-20 04:44:31Z INFO Terminal] WRITE LINE: 
[2025-01-20 04:44:31Z INFO Terminal] WRITE LINE: --------------------------------------------------------------------------------
[2025-01-20 04:44:31Z INFO Terminal] WRITE LINE: |        ____ _ _   _   _       _          _        _   _                      |
[2025-01-20 04:44:31Z INFO Terminal] WRITE LINE: |       / ___(_) |_| | | |_   _| |__      / \   ___| |_(_) ___  _ __  ___      |
[2025-01-20 04:44:31Z INFO Terminal] WRITE LINE: |      | |  _| | __| |_| | | | | '_ \    / _ \ / __| __| |/ _ \| '_ \/ __|     |
[2025-01-20 04:44:31Z INFO Terminal] WRITE LINE: |      | |_| | | |_|  _  | |_| | |_) |  / ___ \ (__| |_| | (_) | | | \__ \     |
[2025-01-20 04:44:31Z INFO Terminal] WRITE LINE: |       \____|_|\__|_| |_|\__,_|_.__/  /_/   \_\___|\__|_|\___/|_| |_|___/     |
[2025-01-20 04:44:31Z INFO Terminal] WRITE LINE: |                                                                              |
[2025-01-20 04:44:31Z INFO Terminal] WRITE: |                       
[2025-01-20 04:44:31Z INFO Terminal] WRITE: Self-hosted runner registration
[2025-01-20 04:44:31Z INFO Terminal] WRITE LINE:                         |
[2025-01-20 04:44:31Z INFO Terminal] WRITE LINE: |                                                                              |
[2025-01-20 04:44:31Z INFO Terminal] WRITE LINE: --------------------------------------------------------------------------------
[2025-01-20 04:44:31Z INFO ConfigurationManager] ConfigureAsync
[2025-01-20 04:44:31Z INFO CommandSettings] Flag 'generateServiceConfig': 'False'
[2025-01-20 04:44:31Z INFO ConfigurationStore] IsConfigured()
[2025-01-20 04:44:31Z INFO ConfigurationStore] IsConfigured: False
[2025-01-20 04:44:31Z INFO ConfigurationManager] Is configured: False
[2025-01-20 04:44:31Z INFO CommandSettings] Arg 'url': 'https://github.com/chaturj/quotable'
[2025-01-20 04:44:31Z INFO CommandSettings] Remove url from Arg dictionary.
[2025-01-20 04:44:31Z INFO CommandSettings] Arg 'token': '***'
[2025-01-20 04:44:31Z INFO CommandSettings] Remove token from Arg dictionary.
[2025-01-20 04:44:34Z INFO ConfigurationManager] Http response code: OK from 'POST https://api.github.com/actions/runner-registration' (C598:102D21:189D06:224EC1:678DD4B1)
[2025-01-20 04:44:34Z INFO ConfigurationManager] Using V2 flow: False
[2025-01-20 04:44:34Z INFO ConfigurationManager] cred retrieved via GitHub auth
[2025-01-20 04:44:34Z INFO RunnerServer] EstablishVssConnection
[2025-01-20 04:44:34Z INFO RunnerServer] Establish connection with 100 seconds timeout.
[2025-01-20 04:44:34Z INFO GitHubActionsService] Starting operation Location.GetConnectionData
[2025-01-20 04:44:34Z INFO RunnerServer] EstablishVssConnection
[2025-01-20 04:44:34Z INFO RunnerServer] Establish connection with 60 seconds timeout.
[2025-01-20 04:44:34Z INFO GitHubActionsService] Starting operation Location.GetConnectionData
[2025-01-20 04:44:34Z INFO RunnerServer] EstablishVssConnection
[2025-01-20 04:44:34Z INFO RunnerServer] Establish connection with 60 seconds timeout.
[2025-01-20 04:44:34Z INFO GitHubActionsService] Starting operation Location.GetConnectionData
[2025-01-20 04:44:35Z INFO GitHubActionsService] Finished operation Location.GetConnectionData
[2025-01-20 04:44:35Z INFO GitHubActionsService] Finished operation Location.GetConnectionData
[2025-01-20 04:44:35Z INFO GitHubActionsService] Finished operation Location.GetConnectionData
[2025-01-20 04:44:36Z INFO Terminal] WRITE LINE: 
[2025-01-20 04:44:36Z INFO ConfigurationManager] Test Connection complete.
[2025-01-20 04:44:36Z INFO HostContext] Well known directory 'Bin': '/Volumes/Projects/Chatur/Demo Application/quotes-api/bin'
[2025-01-20 04:44:36Z INFO HostContext] Well known directory 'Root': '/Volumes/Projects/Chatur/Demo Application/quotes-api'
[2025-01-20 04:44:36Z INFO HostContext] Well known config file 'RSACredentials': '/Volumes/Projects/Chatur/Demo Application/quotes-api/.credentials_rsaparams'
[2025-01-20 04:44:36Z INFO RSAFileKeyManager] Creating new RSA key using 2048-bit key length
[2025-01-20 04:44:36Z INFO RSAFileKeyManager] Successfully saved RSA key parameters to file /Volumes/Projects/Chatur/Demo Application/quotes-api/.credentials_rsaparams
[2025-01-20 04:44:36Z INFO RSAFileKeyManager] Which2: 'chmod'
[2025-01-20 04:44:36Z INFO RSAFileKeyManager] Location: '/bin/chmod'
[2025-01-20 04:44:36Z INFO HostContext] Well known directory 'Bin': '/Volumes/Projects/Chatur/Demo Application/quotes-api/bin'
[2025-01-20 04:44:36Z INFO HostContext] Well known directory 'Root': '/Volumes/Projects/Chatur/Demo Application/quotes-api'
[2025-01-20 04:44:36Z INFO ProcessInvokerWrapper] Starting process:
[2025-01-20 04:44:36Z INFO ProcessInvokerWrapper]   File name: '/bin/chmod'
[2025-01-20 04:44:36Z INFO ProcessInvokerWrapper]   Arguments: '600 /Volumes/Projects/Chatur/Demo Application/quotes-api/.credentials_rsaparams'
[2025-01-20 04:44:36Z INFO ProcessInvokerWrapper]   Working directory: '/Volumes/Projects/Chatur/Demo Application/quotes-api'
[2025-01-20 04:44:36Z INFO ProcessInvokerWrapper]   Require exit code zero: 'False'
[2025-01-20 04:44:36Z INFO ProcessInvokerWrapper]   Encoding web name:  ; code page: ''
[2025-01-20 04:44:36Z INFO ProcessInvokerWrapper]   Force kill process on cancellation: 'False'
[2025-01-20 04:44:36Z INFO ProcessInvokerWrapper]   Redirected STDIN: 'False'
[2025-01-20 04:44:36Z INFO ProcessInvokerWrapper]   Persist current code page: 'False'
[2025-01-20 04:44:36Z INFO ProcessInvokerWrapper]   Keep redirected STDIN open: 'False'
[2025-01-20 04:44:36Z INFO ProcessInvokerWrapper]   High priority process: 'False'
[2025-01-20 04:44:36Z INFO ProcessInvokerWrapper] Process started with process id 4799, waiting for process exit.
[2025-01-20 04:44:36Z INFO ProcessInvokerWrapper] STDOUT/STDERR stream read finished.
[2025-01-20 04:44:36Z INFO ProcessInvokerWrapper] STDOUT/STDERR stream read finished.
[2025-01-20 04:44:36Z INFO ProcessInvokerWrapper] Finished process 4799 with exit code 1, and elapsed time 00:00:00.1562057.
[2025-01-20 04:44:36Z WARN RSAFileKeyManager] Unable to succesfully set permissions for RSA key parameters file /Volumes/Projects/Chatur/Demo Application/quotes-api/.credentials_rsaparams. Received exit code 1 from /bin/chmod
[2025-01-20 04:44:36Z INFO CommandSettings] Arg 'runnergroup': ''
[2025-01-20 04:44:36Z INFO CommandSettings] Flag 'unattended': 'False'
[2025-01-20 04:44:36Z INFO PromptManager] ReadValue
[2025-01-20 04:44:36Z INFO Terminal] WRITE: Enter the name of the runner group to add this runner to: 
[2025-01-20 04:44:36Z INFO Terminal] WRITE: [press Enter for Default] 
[2025-01-20 04:44:36Z INFO Terminal] READ LINE
[2025-01-20 04:44:51Z INFO Terminal] Read value: 'Quotes'
[2025-01-20 04:44:51Z INFO Terminal] WRITE LINE: 
[2025-01-20 04:44:52Z ERR  Runner] GitHub.DistributedTask.WebApi.TaskAgentPoolNotFoundException: Could not find any self-hosted runner group named "Quotes".
   at GitHub.Runner.Listener.Configuration.ConfigurationManager.ConfigureAsync(CommandSettings command)
   at GitHub.Runner.Listener.Runner.ExecuteCommand(CommandSettings command)
[2025-01-20 04:44:52Z ERR  Terminal] WRITE ERROR: Could not find any self-hosted runner group named "Quotes".
[2025-01-20 04:44:52Z INFO Listener] Runner execution has finished with return code 1
