[2025-01-20 04:46:11Z INFO HostContext] No proxy settings were found based on environmental variables (http_proxy/https_proxy/HTTP_PROXY/HTTPS_PROXY)
[2025-01-20 04:46:11Z INFO HostContext] Well known directory 'Bin': '/Volumes/Projects/Chatur/Demo Application/quotes-api/bin'
[2025-01-20 04:46:11Z INFO HostContext] Well known directory 'Root': '/Volumes/Projects/Chatur/Demo Application/quotes-api'
[2025-01-20 04:46:11Z INFO HostContext] Well known config file 'Credentials': '/Volumes/Projects/Chatur/Demo Application/quotes-api/.credentials'
[2025-01-20 04:46:11Z INFO HostContext] Well known directory 'Bin': '/Volumes/Projects/Chatur/Demo Application/quotes-api/bin'
[2025-01-20 04:46:11Z INFO HostContext] Well known directory 'Root': '/Volumes/Projects/Chatur/Demo Application/quotes-api'
[2025-01-20 04:46:11Z INFO HostContext] Well known config file 'Runner': '/Volumes/Projects/Chatur/Demo Application/quotes-api/.runner'
[2025-01-20 04:46:11Z INFO Listener] Runner is built for OSX (X64) - osx-x64.
[2025-01-20 04:46:11Z INFO Listener] RuntimeInformation: Darwin 24.1.0 Darwin Kernel Version 24.1.0: Thu Oct 10 21:02:45 PDT 2024; root:xnu-11215.41.3~2/RELEASE_ARM64_T8112.
[2025-01-20 04:46:11Z INFO Listener] Version: 2.321.0
[2025-01-20 04:46:11Z INFO Listener] Commit: e249007931b7c8e857797fa259c167f0bd4f997a
[2025-01-20 04:46:11Z INFO Listener] Culture: en-US
[2025-01-20 04:46:11Z INFO Listener] UI Culture: en-US
[2025-01-20 04:46:11Z INFO HostContext] Well known directory 'Bin': '/Volumes/Projects/Chatur/Demo Application/quotes-api/bin'
[2025-01-20 04:46:11Z INFO HostContext] Well known directory 'Root': '/Volumes/Projects/Chatur/Demo Application/quotes-api'
[2025-01-20 04:46:11Z INFO Listener] Validating directory permissions for: '/Volumes/Projects/Chatur/Demo Application/quotes-api'
[2025-01-20 04:46:11Z INFO CommandLineParser] Parse
[2025-01-20 04:46:11Z INFO CommandLineParser] Parsing 1 args
[2025-01-20 04:46:11Z INFO CommandLineParser] parsing argument
[2025-01-20 04:46:11Z INFO CommandLineParser] HasArgs: False
[2025-01-20 04:46:11Z INFO CommandLineParser] Adding Command: run
[2025-01-20 04:46:11Z INFO Listener] Arguments parsed
[2025-01-20 04:46:11Z INFO Runner] ExecuteCommand
[2025-01-20 04:46:11Z INFO ConfigurationStore] currentAssemblyLocation: /Volumes/Projects/Chatur/Demo Application/quotes-api/bin/Runner.Listener.dll
[2025-01-20 04:46:11Z INFO HostContext] Well known directory 'Bin': '/Volumes/Projects/Chatur/Demo Application/quotes-api/bin'
[2025-01-20 04:46:11Z INFO ConfigurationStore] binPath: /Volumes/Projects/Chatur/Demo Application/quotes-api/bin
[2025-01-20 04:46:11Z INFO HostContext] Well known directory 'Bin': '/Volumes/Projects/Chatur/Demo Application/quotes-api/bin'
[2025-01-20 04:46:11Z INFO HostContext] Well known directory 'Root': '/Volumes/Projects/Chatur/Demo Application/quotes-api'
[2025-01-20 04:46:11Z INFO ConfigurationStore] RootFolder: /Volumes/Projects/Chatur/Demo Application/quotes-api
[2025-01-20 04:46:11Z INFO HostContext] Well known directory 'Bin': '/Volumes/Projects/Chatur/Demo Application/quotes-api/bin'
[2025-01-20 04:46:11Z INFO HostContext] Well known directory 'Root': '/Volumes/Projects/Chatur/Demo Application/quotes-api'
[2025-01-20 04:46:11Z INFO HostContext] Well known config file 'Runner': '/Volumes/Projects/Chatur/Demo Application/quotes-api/.runner'
[2025-01-20 04:46:11Z INFO ConfigurationStore] ConfigFilePath: /Volumes/Projects/Chatur/Demo Application/quotes-api/.runner
[2025-01-20 04:46:11Z INFO HostContext] Well known directory 'Bin': '/Volumes/Projects/Chatur/Demo Application/quotes-api/bin'
[2025-01-20 04:46:11Z INFO HostContext] Well known directory 'Root': '/Volumes/Projects/Chatur/Demo Application/quotes-api'
[2025-01-20 04:46:11Z INFO HostContext] Well known config file 'Credentials': '/Volumes/Projects/Chatur/Demo Application/quotes-api/.credentials'
[2025-01-20 04:46:11Z INFO ConfigurationStore] CredFilePath: /Volumes/Projects/Chatur/Demo Application/quotes-api/.credentials
[2025-01-20 04:46:11Z INFO HostContext] Well known directory 'Bin': '/Volumes/Projects/Chatur/Demo Application/quotes-api/bin'
[2025-01-20 04:46:11Z INFO HostContext] Well known directory 'Root': '/Volumes/Projects/Chatur/Demo Application/quotes-api'
[2025-01-20 04:46:11Z INFO HostContext] Well known config file 'MigratedCredentials': '/Volumes/Projects/Chatur/Demo Application/quotes-api/.credentials_migrated'
[2025-01-20 04:46:11Z INFO ConfigurationStore] MigratedCredFilePath: /Volumes/Projects/Chatur/Demo Application/quotes-api/.credentials_migrated
[2025-01-20 04:46:11Z INFO HostContext] Well known directory 'Bin': '/Volumes/Projects/Chatur/Demo Application/quotes-api/bin'
[2025-01-20 04:46:11Z INFO HostContext] Well known directory 'Root': '/Volumes/Projects/Chatur/Demo Application/quotes-api'
[2025-01-20 04:46:11Z INFO HostContext] Well known config file 'Service': '/Volumes/Projects/Chatur/Demo Application/quotes-api/.service'
[2025-01-20 04:46:11Z INFO ConfigurationStore] ServiceConfigFilePath: /Volumes/Projects/Chatur/Demo Application/quotes-api/.service
[2025-01-20 04:46:11Z INFO CommandSettings] Flag 'help': 'False'
[2025-01-20 04:46:11Z INFO CommandSettings] Flag 'version': 'False'
[2025-01-20 04:46:11Z INFO CommandSettings] Flag 'commit': 'False'
[2025-01-20 04:46:11Z INFO CommandSettings] Flag 'check': 'False'
[2025-01-20 04:46:11Z INFO CommandSettings] Command 'configure': 'False'
[2025-01-20 04:46:11Z INFO CommandSettings] Command 'remove': 'False'
[2025-01-20 04:46:11Z INFO CommandSettings] Command 'warmup': 'False'
[2025-01-20 04:46:11Z INFO ConfigurationManager] LoadSettings
[2025-01-20 04:46:11Z INFO ConfigurationStore] IsConfigured()
[2025-01-20 04:46:11Z INFO ConfigurationStore] IsConfigured: True
[2025-01-20 04:46:11Z INFO ConfigurationManager] Is configured: True
[2025-01-20 04:46:11Z INFO ConfigurationStore] Read setting file: 294 chars
[2025-01-20 04:46:11Z INFO ConfigurationManager] Settings Loaded
[2025-01-20 04:46:11Z INFO ConfigurationStore] IsServiceConfigured()
[2025-01-20 04:46:11Z INFO ConfigurationStore] IsServiceConfigured: False
[2025-01-20 04:46:11Z INFO CommandSettings] Command 'run': 'True'
[2025-01-20 04:46:11Z INFO ConfigurationStore] IsConfigured()
[2025-01-20 04:46:11Z INFO ConfigurationStore] IsConfigured: True
[2025-01-20 04:46:11Z INFO ConfigurationManager] Is configured: True
[2025-01-20 04:46:11Z INFO Runner] Could not parse the argument value '' for StartupType. Defaulting to Manual
[2025-01-20 04:46:11Z INFO Runner] Set runner startup type - Manual
[2025-01-20 04:46:11Z INFO CommandSettings] Flag 'once': 'False'
[2025-01-20 04:46:11Z INFO CommandSettings] Flag 'once': 'False'
[2025-01-20 04:46:11Z INFO Runner] RunAsync
[2025-01-20 04:46:11Z INFO ConfigurationManager] LoadSettings
[2025-01-20 04:46:11Z INFO ConfigurationStore] IsConfigured()
[2025-01-20 04:46:11Z INFO ConfigurationStore] IsConfigured: True
[2025-01-20 04:46:11Z INFO ConfigurationManager] Is configured: True
[2025-01-20 04:46:11Z INFO ConfigurationManager] Settings Loaded
[2025-01-20 04:46:11Z INFO MessageListener] {
  "AgentId": 22,
  "AgentName": "quotes",
  "PoolId": 1,
  "PoolName": "Default",
  "ServerUrl": "https://pipelinesghubeus7.actions.githubusercontent.com/oCrQu4g5mqNp75vGCgbjeWgpfoUPd6fh62kIryFlkCxGNGiHfU/",
  "GitHubUrl": "https://github.com/chaturj/quotable",
  "WorkFolder": "quotes-api"
}
[2025-01-20 04:46:11Z INFO MessageListener] Loading Credentials
[2025-01-20 04:46:11Z INFO ConfigurationStore] HasCredentials()
[2025-01-20 04:46:11Z INFO ConfigurationStore] stored True
[2025-01-20 04:46:11Z INFO CredentialManager] GetCredentialProvider
[2025-01-20 04:46:11Z INFO CredentialManager] Creating type OAuth
[2025-01-20 04:46:11Z INFO CredentialManager] Creating credential type: OAuth
[2025-01-20 04:46:11Z INFO HostContext] Well known directory 'Bin': '/Volumes/Projects/Chatur/Demo Application/quotes-api/bin'
[2025-01-20 04:46:11Z INFO HostContext] Well known directory 'Root': '/Volumes/Projects/Chatur/Demo Application/quotes-api'
[2025-01-20 04:46:11Z INFO HostContext] Well known config file 'RSACredentials': '/Volumes/Projects/Chatur/Demo Application/quotes-api/.credentials_rsaparams'
[2025-01-20 04:46:11Z INFO RSAFileKeyManager] Loading RSA key parameters from file /Volumes/Projects/Chatur/Demo Application/quotes-api/.credentials_rsaparams
[2025-01-20 04:46:11Z INFO MessageListener] Attempt to create session.
[2025-01-20 04:46:11Z INFO MessageListener] Connecting to the Runner Server...
[2025-01-20 04:46:11Z INFO RunnerServer] EstablishVssConnection
[2025-01-20 04:46:11Z INFO RunnerServer] Establish connection with 100 seconds timeout.
[2025-01-20 04:46:11Z INFO GitHubActionsService] Starting operation Location.GetConnectionData
[2025-01-20 04:46:11Z INFO RunnerServer] EstablishVssConnection
[2025-01-20 04:46:11Z INFO RunnerServer] Establish connection with 60 seconds timeout.
[2025-01-20 04:46:11Z INFO GitHubActionsService] Starting operation Location.GetConnectionData
[2025-01-20 04:46:11Z INFO RunnerServer] EstablishVssConnection
[2025-01-20 04:46:11Z INFO RunnerServer] Establish connection with 60 seconds timeout.
[2025-01-20 04:46:11Z INFO GitHubActionsService] Starting operation Location.GetConnectionData
[2025-01-20 04:46:12Z INFO GitHubActionsService] Finished operation Location.GetConnectionData
[2025-01-20 04:46:12Z INFO GitHubActionsService] Finished operation Location.GetConnectionData
[2025-01-20 04:46:12Z INFO GitHubActionsService] Finished operation Location.GetConnectionData
[2025-01-20 04:46:12Z INFO MessageListener] VssConnection created
[2025-01-20 04:46:12Z INFO Terminal] WRITE LINE: 
[2025-01-20 04:46:12Z INFO Terminal] WRITE LINE: 
[2025-01-20 04:46:13Z INFO RSAFileKeyManager] Loading RSA key parameters from file /Volumes/Projects/Chatur/Demo Application/quotes-api/.credentials_rsaparams
[2025-01-20 04:46:13Z INFO RSAFileKeyManager] Loading RSA key parameters from file /Volumes/Projects/Chatur/Demo Application/quotes-api/.credentials_rsaparams
[2025-01-20 04:46:14Z INFO GitHubActionsService] AAD Correlation ID for this token request: Unknown
[2025-01-20 04:46:14Z INFO MessageListener] Session created.
[2025-01-20 04:46:14Z INFO Terminal] WRITE LINE: Current runner version: '2.321.0'
[2025-01-20 04:46:14Z INFO Terminal] WRITE LINE: 2025-01-20 04:46:14Z: Listening for Jobs
[2025-01-20 04:46:14Z INFO JobDispatcher] Set runner/worker IPC timeout to 30 seconds.
[2025-01-20 04:46:14Z INFO RSAFileKeyManager] Loading RSA key parameters from file /Volumes/Projects/Chatur/Demo Application/quotes-api/.credentials_rsaparams
[2025-01-20 04:46:15Z INFO GitHubActionsService] AAD Correlation ID for this token request: Unknown
