[2025-01-20 04:45:00Z INFO HostContext] No proxy settings were found based on environmental variables (http_proxy/https_proxy/HTTP_PROXY/HTTPS_PROXY)
[2025-01-20 04:45:00Z INFO HostContext] Well known directory 'Bin': '/Volumes/Projects/Chatur/Demo Application/quotes-api/bin'
[2025-01-20 04:45:00Z INFO HostContext] Well known directory 'Root': '/Volumes/Projects/Chatur/Demo Application/quotes-api'
[2025-01-20 04:45:00Z INFO HostContext] Well known config file 'Credentials': '/Volumes/Projects/Chatur/Demo Application/quotes-api/.credentials'
[2025-01-20 04:45:00Z INFO HostContext] Well known directory 'Bin': '/Volumes/Projects/Chatur/Demo Application/quotes-api/bin'
[2025-01-20 04:45:00Z INFO HostContext] Well known directory 'Root': '/Volumes/Projects/Chatur/Demo Application/quotes-api'
[2025-01-20 04:45:00Z INFO HostContext] Well known config file 'Runner': '/Volumes/Projects/Chatur/Demo Application/quotes-api/.runner'
[2025-01-20 04:45:00Z INFO Listener] Runner is built for OSX (X64) - osx-x64.
[2025-01-20 04:45:00Z INFO Listener] RuntimeInformation: Darwin 24.1.0 Darwin Kernel Version 24.1.0: Thu Oct 10 21:02:45 PDT 2024; root:xnu-11215.41.3~2/RELEASE_ARM64_T8112.
[2025-01-20 04:45:00Z INFO Listener] Version: 2.321.0
[2025-01-20 04:45:00Z INFO Listener] Commit: e249007931b7c8e857797fa259c167f0bd4f997a
[2025-01-20 04:45:00Z INFO Listener] Culture: en-US
[2025-01-20 04:45:00Z INFO Listener] UI Culture: en-US
[2025-01-20 04:45:00Z INFO HostContext] Well known directory 'Bin': '/Volumes/Projects/Chatur/Demo Application/quotes-api/bin'
[2025-01-20 04:45:00Z INFO HostContext] Well known directory 'Root': '/Volumes/Projects/Chatur/Demo Application/quotes-api'
[2025-01-20 04:45:00Z INFO Listener] Validating directory permissions for: '/Volumes/Projects/Chatur/Demo Application/quotes-api'
[2025-01-20 04:45:00Z INFO CommandLineParser] Parse
[2025-01-20 04:45:00Z INFO CommandLineParser] Parsing 5 args
[2025-01-20 04:45:00Z INFO CommandLineParser] parsing argument
[2025-01-20 04:45:00Z INFO CommandLineParser] HasArgs: False
[2025-01-20 04:45:00Z INFO CommandLineParser] Adding Command: configure
[2025-01-20 04:45:00Z INFO CommandLineParser] parsing argument
[2025-01-20 04:45:00Z INFO CommandLineParser] HasArgs: True
[2025-01-20 04:45:00Z INFO CommandLineParser] arg: url
[2025-01-20 04:45:00Z INFO CommandLineParser] parsing argument
[2025-01-20 04:45:00Z INFO CommandLineParser] HasArgs: True
[2025-01-20 04:45:00Z INFO CommandLineParser] Adding option 'url': 'https://github.com/chaturj/quotable'
[2025-01-20 04:45:00Z INFO CommandLineParser] parsing argument
[2025-01-20 04:45:00Z INFO CommandLineParser] HasArgs: True
[2025-01-20 04:45:00Z INFO CommandLineParser] arg: token
[2025-01-20 04:45:00Z INFO CommandLineParser] parsing argument
[2025-01-20 04:45:00Z INFO CommandLineParser] HasArgs: True
[2025-01-20 04:45:00Z INFO CommandLineParser] Adding option 'token': '***'
[2025-01-20 04:45:00Z INFO Listener] Arguments parsed
[2025-01-20 04:45:00Z INFO Runner] ExecuteCommand
[2025-01-20 04:45:00Z INFO ConfigurationStore] currentAssemblyLocation: /Volumes/Projects/Chatur/Demo Application/quotes-api/bin/Runner.Listener.dll
[2025-01-20 04:45:00Z INFO HostContext] Well known directory 'Bin': '/Volumes/Projects/Chatur/Demo Application/quotes-api/bin'
[2025-01-20 04:45:00Z INFO ConfigurationStore] binPath: /Volumes/Projects/Chatur/Demo Application/quotes-api/bin
[2025-01-20 04:45:00Z INFO HostContext] Well known directory 'Bin': '/Volumes/Projects/Chatur/Demo Application/quotes-api/bin'
[2025-01-20 04:45:00Z INFO HostContext] Well known directory 'Root': '/Volumes/Projects/Chatur/Demo Application/quotes-api'
[2025-01-20 04:45:00Z INFO ConfigurationStore] RootFolder: /Volumes/Projects/Chatur/Demo Application/quotes-api
[2025-01-20 04:45:00Z INFO HostContext] Well known directory 'Bin': '/Volumes/Projects/Chatur/Demo Application/quotes-api/bin'
[2025-01-20 04:45:00Z INFO HostContext] Well known directory 'Root': '/Volumes/Projects/Chatur/Demo Application/quotes-api'
[2025-01-20 04:45:00Z INFO HostContext] Well known config file 'Runner': '/Volumes/Projects/Chatur/Demo Application/quotes-api/.runner'
[2025-01-20 04:45:00Z INFO ConfigurationStore] ConfigFilePath: /Volumes/Projects/Chatur/Demo Application/quotes-api/.runner
[2025-01-20 04:45:00Z INFO HostContext] Well known directory 'Bin': '/Volumes/Projects/Chatur/Demo Application/quotes-api/bin'
[2025-01-20 04:45:00Z INFO HostContext] Well known directory 'Root': '/Volumes/Projects/Chatur/Demo Application/quotes-api'
[2025-01-20 04:45:00Z INFO HostContext] Well known config file 'Credentials': '/Volumes/Projects/Chatur/Demo Application/quotes-api/.credentials'
[2025-01-20 04:45:00Z INFO ConfigurationStore] CredFilePath: /Volumes/Projects/Chatur/Demo Application/quotes-api/.credentials
[2025-01-20 04:45:00Z INFO HostContext] Well known directory 'Bin': '/Volumes/Projects/Chatur/Demo Application/quotes-api/bin'
[2025-01-20 04:45:00Z INFO HostContext] Well known directory 'Root': '/Volumes/Projects/Chatur/Demo Application/quotes-api'
[2025-01-20 04:45:00Z INFO HostContext] Well known config file 'MigratedCredentials': '/Volumes/Projects/Chatur/Demo Application/quotes-api/.credentials_migrated'
[2025-01-20 04:45:00Z INFO ConfigurationStore] MigratedCredFilePath: /Volumes/Projects/Chatur/Demo Application/quotes-api/.credentials_migrated
[2025-01-20 04:45:00Z INFO HostContext] Well known directory 'Bin': '/Volumes/Projects/Chatur/Demo Application/quotes-api/bin'
[2025-01-20 04:45:00Z INFO HostContext] Well known directory 'Root': '/Volumes/Projects/Chatur/Demo Application/quotes-api'
[2025-01-20 04:45:00Z INFO HostContext] Well known config file 'Service': '/Volumes/Projects/Chatur/Demo Application/quotes-api/.service'
[2025-01-20 04:45:00Z INFO ConfigurationStore] ServiceConfigFilePath: /Volumes/Projects/Chatur/Demo Application/quotes-api/.service
[2025-01-20 04:45:00Z INFO CommandSettings] Flag 'help': 'False'
[2025-01-20 04:45:00Z INFO CommandSettings] Flag 'version': 'False'
[2025-01-20 04:45:00Z INFO CommandSettings] Flag 'commit': 'False'
[2025-01-20 04:45:00Z INFO CommandSettings] Flag 'check': 'False'
[2025-01-20 04:45:00Z INFO CommandSettings] Command 'configure': 'True'
[2025-01-20 04:45:00Z INFO Terminal] WRITE LINE: 
[2025-01-20 04:45:00Z INFO Terminal] WRITE LINE: --------------------------------------------------------------------------------
[2025-01-20 04:45:00Z INFO Terminal] WRITE LINE: |        ____ _ _   _   _       _          _        _   _                      |
[2025-01-20 04:45:00Z INFO Terminal] WRITE LINE: |       / ___(_) |_| | | |_   _| |__      / \   ___| |_(_) ___  _ __  ___      |
[2025-01-20 04:45:00Z INFO Terminal] WRITE LINE: |      | |  _| | __| |_| | | | | '_ \    / _ \ / __| __| |/ _ \| '_ \/ __|     |
[2025-01-20 04:45:00Z INFO Terminal] WRITE LINE: |      | |_| | | |_|  _  | |_| | |_) |  / ___ \ (__| |_| | (_) | | | \__ \     |
[2025-01-20 04:45:00Z INFO Terminal] WRITE LINE: |       \____|_|\__|_| |_|\__,_|_.__/  /_/   \_\___|\__|_|\___/|_| |_|___/     |
[2025-01-20 04:45:00Z INFO Terminal] WRITE LINE: |                                                                              |
[2025-01-20 04:45:00Z INFO Terminal] WRITE: |                       
[2025-01-20 04:45:00Z INFO Terminal] WRITE: Self-hosted runner registration
[2025-01-20 04:45:00Z INFO Terminal] WRITE LINE:                         |
[2025-01-20 04:45:00Z INFO Terminal] WRITE LINE: |                                                                              |
[2025-01-20 04:45:00Z INFO Terminal] WRITE LINE: --------------------------------------------------------------------------------
[2025-01-20 04:45:00Z INFO ConfigurationManager] ConfigureAsync
[2025-01-20 04:45:00Z INFO CommandSettings] Flag 'generateServiceConfig': 'False'
[2025-01-20 04:45:00Z INFO ConfigurationStore] IsConfigured()
[2025-01-20 04:45:00Z INFO ConfigurationStore] IsConfigured: False
[2025-01-20 04:45:00Z INFO ConfigurationManager] Is configured: False
[2025-01-20 04:45:00Z INFO CommandSettings] Arg 'url': 'https://github.com/chaturj/quotable'
[2025-01-20 04:45:00Z INFO CommandSettings] Remove url from Arg dictionary.
[2025-01-20 04:45:00Z INFO CommandSettings] Arg 'token': '***'
[2025-01-20 04:45:00Z INFO CommandSettings] Remove token from Arg dictionary.
[2025-01-20 04:45:01Z INFO ConfigurationManager] Http response code: OK from 'POST https://api.github.com/actions/runner-registration' (C59E:09E3:233DCD:2EDE62:678DD4CC)
[2025-01-20 04:45:01Z INFO ConfigurationManager] Using V2 flow: False
[2025-01-20 04:45:01Z INFO ConfigurationManager] cred retrieved via GitHub auth
[2025-01-20 04:45:01Z INFO RunnerServer] EstablishVssConnection
[2025-01-20 04:45:01Z INFO RunnerServer] Establish connection with 100 seconds timeout.
[2025-01-20 04:45:01Z INFO GitHubActionsService] Starting operation Location.GetConnectionData
[2025-01-20 04:45:01Z INFO RunnerServer] EstablishVssConnection
[2025-01-20 04:45:01Z INFO RunnerServer] Establish connection with 60 seconds timeout.
[2025-01-20 04:45:01Z INFO GitHubActionsService] Starting operation Location.GetConnectionData
[2025-01-20 04:45:01Z INFO RunnerServer] EstablishVssConnection
[2025-01-20 04:45:01Z INFO RunnerServer] Establish connection with 60 seconds timeout.
[2025-01-20 04:45:01Z INFO GitHubActionsService] Starting operation Location.GetConnectionData
[2025-01-20 04:45:02Z INFO GitHubActionsService] Finished operation Location.GetConnectionData
[2025-01-20 04:45:02Z INFO GitHubActionsService] Finished operation Location.GetConnectionData
[2025-01-20 04:45:02Z INFO GitHubActionsService] Finished operation Location.GetConnectionData
[2025-01-20 04:45:02Z INFO Terminal] WRITE LINE: 
[2025-01-20 04:45:02Z INFO ConfigurationManager] Test Connection complete.
[2025-01-20 04:45:02Z INFO HostContext] Well known directory 'Bin': '/Volumes/Projects/Chatur/Demo Application/quotes-api/bin'
[2025-01-20 04:45:02Z INFO HostContext] Well known directory 'Root': '/Volumes/Projects/Chatur/Demo Application/quotes-api'
[2025-01-20 04:45:02Z INFO HostContext] Well known config file 'RSACredentials': '/Volumes/Projects/Chatur/Demo Application/quotes-api/.credentials_rsaparams'
[2025-01-20 04:45:02Z INFO RSAFileKeyManager] Found existing RSA key parameters file /Volumes/Projects/Chatur/Demo Application/quotes-api/.credentials_rsaparams
[2025-01-20 04:45:02Z INFO CommandSettings] Arg 'runnergroup': ''
[2025-01-20 04:45:02Z INFO CommandSettings] Flag 'unattended': 'False'
[2025-01-20 04:45:02Z INFO PromptManager] ReadValue
[2025-01-20 04:45:02Z INFO Terminal] WRITE: Enter the name of the runner group to add this runner to: 
[2025-01-20 04:45:02Z INFO Terminal] WRITE: [press Enter for Default] 
[2025-01-20 04:45:02Z INFO Terminal] READ LINE
[2025-01-20 04:45:04Z INFO Terminal] Read value: ''
[2025-01-20 04:45:04Z INFO PromptManager] Falling back to the default: 'Default'
[2025-01-20 04:45:04Z INFO Terminal] WRITE LINE: 
[2025-01-20 04:45:04Z INFO ConfigurationManager] Found a self-hosted runner group with id 1 and name Default
[2025-01-20 04:45:04Z INFO CommandSettings] Flag 'disableupdate': 'False'
[2025-01-20 04:45:04Z INFO CommandSettings] Flag 'ephemeral': 'False'
[2025-01-20 04:45:04Z INFO CommandSettings] Arg 'name': ''
[2025-01-20 04:45:04Z INFO CommandSettings] Flag 'unattended': 'False'
[2025-01-20 04:45:04Z INFO PromptManager] ReadValue
[2025-01-20 04:45:04Z INFO Terminal] WRITE: Enter the name of runner: 
[2025-01-20 04:45:04Z INFO Terminal] WRITE: [press Enter for 192] 
[2025-01-20 04:45:04Z INFO Terminal] READ LINE
[2025-01-20 04:45:11Z INFO Terminal] Read value: 'quotes'
[2025-01-20 04:45:11Z INFO Terminal] WRITE LINE: 
[2025-01-20 04:45:11Z INFO CommandSettings] Arg 'labels': ''
[2025-01-20 04:45:11Z INFO CommandSettings] Flag 'unattended': 'False'
[2025-01-20 04:45:11Z INFO PromptManager] ReadValue
[2025-01-20 04:45:11Z INFO Terminal] WRITE: This runner will have the following labels: 'self-hosted', 'macOS', 'X64' 
Enter any additional labels (ex. label-1,label-2): 
[2025-01-20 04:45:11Z INFO Terminal] WRITE: [press Enter to skip] 
[2025-01-20 04:45:11Z INFO Terminal] READ LINE
[2025-01-20 04:45:17Z INFO Terminal] Read value: ''
[2025-01-20 04:45:17Z INFO Terminal] WRITE LINE: 
[2025-01-20 04:45:18Z INFO CommandSettings] Flag 'disableupdate': 'False'
[2025-01-20 04:45:18Z INFO CommandSettings] Flag 'no-default-labels': 'False'
[2025-01-20 04:45:18Z INFO CommandSettings] Flag 'disableupdate': 'False'
[2025-01-20 04:45:18Z INFO CommandSettings] Flag 'ephemeral': 'False'
[2025-01-20 04:45:18Z INFO ConfigurationStore] Saving OAuth credential @ /Volumes/Projects/Chatur/Demo Application/quotes-api/.credentials
[2025-01-20 04:45:18Z INFO ConfigurationStore] Credentials Saved.
[2025-01-20 04:45:18Z INFO ConfigurationStore] HasCredentials()
[2025-01-20 04:45:18Z INFO ConfigurationStore] stored True
[2025-01-20 04:45:18Z INFO CredentialManager] GetCredentialProvider
[2025-01-20 04:45:18Z INFO CredentialManager] Creating type OAuth
[2025-01-20 04:45:18Z INFO CredentialManager] Creating credential type: OAuth
[2025-01-20 04:45:18Z INFO RSAFileKeyManager] Loading RSA key parameters from file /Volumes/Projects/Chatur/Demo Application/quotes-api/.credentials_rsaparams
[2025-01-20 04:45:18Z INFO RunnerServer] EstablishVssConnection
[2025-01-20 04:45:18Z INFO RunnerServer] Establish connection with 100 seconds timeout.
[2025-01-20 04:45:18Z INFO GitHubActionsService] Starting operation Location.GetConnectionData
[2025-01-20 04:45:18Z INFO RunnerServer] EstablishVssConnection
[2025-01-20 04:45:18Z INFO RunnerServer] Establish connection with 60 seconds timeout.
[2025-01-20 04:45:18Z INFO GitHubActionsService] Starting operation Location.GetConnectionData
[2025-01-20 04:45:18Z INFO RunnerServer] EstablishVssConnection
[2025-01-20 04:45:18Z INFO RunnerServer] Establish connection with 60 seconds timeout.
[2025-01-20 04:45:18Z INFO GitHubActionsService] Starting operation Location.GetConnectionData
[2025-01-20 04:45:19Z INFO GitHubActionsService] Finished operation Location.GetConnectionData
[2025-01-20 04:45:19Z INFO GitHubActionsService] Finished operation Location.GetConnectionData
[2025-01-20 04:45:19Z INFO GitHubActionsService] Finished operation Location.GetConnectionData
[2025-01-20 04:45:20Z INFO RSAFileKeyManager] Loading RSA key parameters from file /Volumes/Projects/Chatur/Demo Application/quotes-api/.credentials_rsaparams
[2025-01-20 04:45:20Z INFO RSAFileKeyManager] Loading RSA key parameters from file /Volumes/Projects/Chatur/Demo Application/quotes-api/.credentials_rsaparams
[2025-01-20 04:45:21Z INFO GitHubActionsService] AAD Correlation ID for this token request: Unknown
[2025-01-20 04:45:21Z INFO CommandSettings] Arg 'work': ''
[2025-01-20 04:45:21Z INFO CommandSettings] Flag 'unattended': 'False'
[2025-01-20 04:45:21Z INFO PromptManager] ReadValue
[2025-01-20 04:45:21Z INFO Terminal] WRITE: Enter name of work folder: 
[2025-01-20 04:45:21Z INFO Terminal] WRITE: [press Enter for _work] 
[2025-01-20 04:45:21Z INFO Terminal] READ LINE
[2025-01-20 04:45:45Z INFO Terminal] Read value: 'quotes-api'
[2025-01-20 04:45:45Z INFO ConfigurationStore] Saving runner settings.
[2025-01-20 04:45:45Z INFO ConfigurationStore] Settings Saved.
[2025-01-20 04:45:45Z INFO Terminal] WRITE LINE: 
[2025-01-20 04:45:45Z INFO Terminal] WRITE LINE: 
[2025-01-20 04:45:45Z INFO OsxServiceControlManager] Service name 'actions.runner.chaturj-quotable.quotes' display name 'GitHub Actions Runner (chaturj-quotable.quotes)' will be used for service configuration.
[2025-01-20 04:45:45Z INFO HostContext] Well known directory 'Bin': '/Volumes/Projects/Chatur/Demo Application/quotes-api/bin'
[2025-01-20 04:45:45Z INFO HostContext] Well known directory 'Root': '/Volumes/Projects/Chatur/Demo Application/quotes-api'
[2025-01-20 04:45:45Z INFO HostContext] Well known directory 'Bin': '/Volumes/Projects/Chatur/Demo Application/quotes-api/bin'
[2025-01-20 04:45:45Z INFO HostContext] Well known directory 'Bin': '/Volumes/Projects/Chatur/Demo Application/quotes-api/bin'
[2025-01-20 04:45:45Z INFO HostContext] Well known directory 'Root': '/Volumes/Projects/Chatur/Demo Application/quotes-api'
[2025-01-20 04:45:45Z INFO UnixUtil] Which2: 'chmod'
[2025-01-20 04:45:45Z INFO UnixUtil] Location: '/bin/chmod'
[2025-01-20 04:45:45Z INFO UnixUtil] Running /bin/chmod 755 "/Volumes/Projects/Chatur/Demo Application/quotes-api/svc.sh"
[2025-01-20 04:45:45Z INFO ProcessInvokerWrapper] Starting process:
[2025-01-20 04:45:45Z INFO ProcessInvokerWrapper]   File name: '/bin/chmod'
[2025-01-20 04:45:45Z INFO ProcessInvokerWrapper]   Arguments: '755 "/Volumes/Projects/Chatur/Demo Application/quotes-api/svc.sh"'
[2025-01-20 04:45:45Z INFO ProcessInvokerWrapper]   Working directory: '/Volumes/Projects/Chatur/Demo Application/quotes-api'
[2025-01-20 04:45:45Z INFO ProcessInvokerWrapper]   Require exit code zero: 'True'
[2025-01-20 04:45:45Z INFO ProcessInvokerWrapper]   Encoding web name:  ; code page: ''
[2025-01-20 04:45:45Z INFO ProcessInvokerWrapper]   Force kill process on cancellation: 'False'
[2025-01-20 04:45:45Z INFO ProcessInvokerWrapper]   Redirected STDIN: 'False'
[2025-01-20 04:45:45Z INFO ProcessInvokerWrapper]   Persist current code page: 'False'
[2025-01-20 04:45:45Z INFO ProcessInvokerWrapper]   Keep redirected STDIN open: 'False'
[2025-01-20 04:45:45Z INFO ProcessInvokerWrapper]   High priority process: 'False'
[2025-01-20 04:45:45Z INFO ProcessInvokerWrapper] Process started with process id 4896, waiting for process exit.
[2025-01-20 04:45:45Z INFO ProcessInvokerWrapper] STDOUT/STDERR stream read finished.
[2025-01-20 04:45:45Z INFO ProcessInvokerWrapper] STDOUT/STDERR stream read finished.
[2025-01-20 04:45:45Z INFO ProcessInvokerWrapper] Finished process 4896 with exit code 0, and elapsed time 00:00:00.0372030.
[2025-01-20 04:45:45Z INFO Listener] Runner execution has finished with return code 0
