[2025-01-20 04:37:04Z INFO HostContext] No proxy settings were found based on environmental variables (http_proxy/https_proxy/HTTP_PROXY/HTTPS_PROXY)
[2025-01-20 04:37:04Z INFO HostContext] Well known directory 'Bin': '/Volumes/Projects/Chatur/Demo Application/quotes-api/actions-runner/bin'
[2025-01-20 04:37:04Z INFO HostContext] Well known directory 'Root': '/Volumes/Projects/Chatur/Demo Application/quotes-api/actions-runner'
[2025-01-20 04:37:04Z INFO HostContext] Well known config file 'Credentials': '/Volumes/Projects/Chatur/Demo Application/quotes-api/actions-runner/.credentials'
[2025-01-20 04:37:04Z INFO HostContext] Well known directory 'Bin': '/Volumes/Projects/Chatur/Demo Application/quotes-api/actions-runner/bin'
[2025-01-20 04:37:04Z INFO HostContext] Well known directory 'Root': '/Volumes/Projects/Chatur/Demo Application/quotes-api/actions-runner'
[2025-01-20 04:37:04Z INFO HostContext] Well known config file 'Runner': '/Volumes/Projects/Chatur/Demo Application/quotes-api/actions-runner/.runner'
[2025-01-20 04:37:04Z INFO Listener] Runner is built for OSX (X64) - osx-x64.
[2025-01-20 04:37:04Z INFO Listener] RuntimeInformation: Darwin 24.1.0 Darwin Kernel Version 24.1.0: Thu Oct 10 21:02:45 PDT 2024; root:xnu-11215.41.3~2/RELEASE_ARM64_T8112.
[2025-01-20 04:37:04Z INFO Listener] Version: 2.321.0
[2025-01-20 04:37:04Z INFO Listener] Commit: e249007931b7c8e857797fa259c167f0bd4f997a
[2025-01-20 04:37:04Z INFO Listener] Culture: en-US
[2025-01-20 04:37:04Z INFO Listener] UI Culture: en-US
[2025-01-20 04:37:04Z INFO HostContext] Well known directory 'Bin': '/Volumes/Projects/Chatur/Demo Application/quotes-api/actions-runner/bin'
[2025-01-20 04:37:04Z INFO HostContext] Well known directory 'Root': '/Volumes/Projects/Chatur/Demo Application/quotes-api/actions-runner'
[2025-01-20 04:37:04Z INFO Listener] Validating directory permissions for: '/Volumes/Projects/Chatur/Demo Application/quotes-api/actions-runner'
[2025-01-20 04:37:04Z INFO CommandLineParser] Parse
[2025-01-20 04:37:04Z INFO CommandLineParser] Parsing 1 args
[2025-01-20 04:37:04Z INFO CommandLineParser] parsing argument
[2025-01-20 04:37:04Z INFO CommandLineParser] HasArgs: False
[2025-01-20 04:37:04Z INFO CommandLineParser] Adding Command: run
[2025-01-20 04:37:04Z INFO Listener] Arguments parsed
[2025-01-20 04:37:04Z INFO Runner] ExecuteCommand
[2025-01-20 04:37:04Z INFO ConfigurationStore] currentAssemblyLocation: /Volumes/Projects/Chatur/Demo Application/quotes-api/actions-runner/bin/Runner.Listener.dll
[2025-01-20 04:37:04Z INFO HostContext] Well known directory 'Bin': '/Volumes/Projects/Chatur/Demo Application/quotes-api/actions-runner/bin'
[2025-01-20 04:37:04Z INFO ConfigurationStore] binPath: /Volumes/Projects/Chatur/Demo Application/quotes-api/actions-runner/bin
[2025-01-20 04:37:04Z INFO HostContext] Well known directory 'Bin': '/Volumes/Projects/Chatur/Demo Application/quotes-api/actions-runner/bin'
[2025-01-20 04:37:04Z INFO HostContext] Well known directory 'Root': '/Volumes/Projects/Chatur/Demo Application/quotes-api/actions-runner'
[2025-01-20 04:37:04Z INFO ConfigurationStore] RootFolder: /Volumes/Projects/Chatur/Demo Application/quotes-api/actions-runner
[2025-01-20 04:37:04Z INFO HostContext] Well known directory 'Bin': '/Volumes/Projects/Chatur/Demo Application/quotes-api/actions-runner/bin'
[2025-01-20 04:37:04Z INFO HostContext] Well known directory 'Root': '/Volumes/Projects/Chatur/Demo Application/quotes-api/actions-runner'
[2025-01-20 04:37:04Z INFO HostContext] Well known config file 'Runner': '/Volumes/Projects/Chatur/Demo Application/quotes-api/actions-runner/.runner'
[2025-01-20 04:37:04Z INFO ConfigurationStore] ConfigFilePath: /Volumes/Projects/Chatur/Demo Application/quotes-api/actions-runner/.runner
[2025-01-20 04:37:04Z INFO HostContext] Well known directory 'Bin': '/Volumes/Projects/Chatur/Demo Application/quotes-api/actions-runner/bin'
[2025-01-20 04:37:04Z INFO HostContext] Well known directory 'Root': '/Volumes/Projects/Chatur/Demo Application/quotes-api/actions-runner'
[2025-01-20 04:37:04Z INFO HostContext] Well known config file 'Credentials': '/Volumes/Projects/Chatur/Demo Application/quotes-api/actions-runner/.credentials'
[2025-01-20 04:37:04Z INFO ConfigurationStore] CredFilePath: /Volumes/Projects/Chatur/Demo Application/quotes-api/actions-runner/.credentials
[2025-01-20 04:37:04Z INFO HostContext] Well known directory 'Bin': '/Volumes/Projects/Chatur/Demo Application/quotes-api/actions-runner/bin'
[2025-01-20 04:37:04Z INFO HostContext] Well known directory 'Root': '/Volumes/Projects/Chatur/Demo Application/quotes-api/actions-runner'
[2025-01-20 04:37:04Z INFO HostContext] Well known config file 'MigratedCredentials': '/Volumes/Projects/Chatur/Demo Application/quotes-api/actions-runner/.credentials_migrated'
[2025-01-20 04:37:04Z INFO ConfigurationStore] MigratedCredFilePath: /Volumes/Projects/Chatur/Demo Application/quotes-api/actions-runner/.credentials_migrated
[2025-01-20 04:37:04Z INFO HostContext] Well known directory 'Bin': '/Volumes/Projects/Chatur/Demo Application/quotes-api/actions-runner/bin'
[2025-01-20 04:37:04Z INFO HostContext] Well known directory 'Root': '/Volumes/Projects/Chatur/Demo Application/quotes-api/actions-runner'
[2025-01-20 04:37:04Z INFO HostContext] Well known config file 'Service': '/Volumes/Projects/Chatur/Demo Application/quotes-api/actions-runner/.service'
[2025-01-20 04:37:04Z INFO ConfigurationStore] ServiceConfigFilePath: /Volumes/Projects/Chatur/Demo Application/quotes-api/actions-runner/.service
[2025-01-20 04:37:04Z INFO CommandSettings] Flag 'help': 'False'
[2025-01-20 04:37:04Z INFO CommandSettings] Flag 'version': 'False'
[2025-01-20 04:37:04Z INFO CommandSettings] Flag 'commit': 'False'
[2025-01-20 04:37:04Z INFO CommandSettings] Flag 'check': 'False'
[2025-01-20 04:37:04Z INFO CommandSettings] Command 'configure': 'False'
[2025-01-20 04:37:04Z INFO CommandSettings] Command 'remove': 'False'
[2025-01-20 04:37:04Z INFO CommandSettings] Command 'warmup': 'False'
[2025-01-20 04:37:04Z INFO ConfigurationManager] LoadSettings
[2025-01-20 04:37:04Z INFO ConfigurationStore] IsConfigured()
[2025-01-20 04:37:04Z INFO ConfigurationStore] IsConfigured: True
[2025-01-20 04:37:04Z INFO ConfigurationManager] Is configured: True
[2025-01-20 04:37:04Z INFO ConfigurationStore] Read setting file: 286 chars
[2025-01-20 04:37:04Z INFO ConfigurationManager] Settings Loaded
[2025-01-20 04:37:04Z INFO ConfigurationStore] IsServiceConfigured()
[2025-01-20 04:37:04Z INFO ConfigurationStore] IsServiceConfigured: False
[2025-01-20 04:37:04Z INFO CommandSettings] Command 'run': 'True'
[2025-01-20 04:37:04Z INFO ConfigurationStore] IsConfigured()
[2025-01-20 04:37:04Z INFO ConfigurationStore] IsConfigured: True
[2025-01-20 04:37:04Z INFO ConfigurationManager] Is configured: True
[2025-01-20 04:37:04Z INFO Runner] Could not parse the argument value '' for StartupType. Defaulting to Manual
[2025-01-20 04:37:04Z INFO Runner] Set runner startup type - Manual
[2025-01-20 04:37:04Z INFO CommandSettings] Flag 'once': 'False'
[2025-01-20 04:37:04Z INFO CommandSettings] Flag 'once': 'False'
[2025-01-20 04:37:04Z INFO Runner] RunAsync
[2025-01-20 04:37:04Z INFO ConfigurationManager] LoadSettings
[2025-01-20 04:37:04Z INFO ConfigurationStore] IsConfigured()
[2025-01-20 04:37:04Z INFO ConfigurationStore] IsConfigured: True
[2025-01-20 04:37:04Z INFO ConfigurationManager] Is configured: True
[2025-01-20 04:37:04Z INFO ConfigurationManager] Settings Loaded
[2025-01-20 04:37:04Z INFO MessageListener] {
  "AgentId": 21,
  "AgentName": "192",
  "PoolId": 1,
  "PoolName": "Default",
  "ServerUrl": "https://pipelinesghubeus7.actions.githubusercontent.com/oCrQu4g5mqNp75vGCgbjeWgpfoUPd6fh62kIryFlkCxGNGiHfU/",
  "GitHubUrl": "https://github.com/chaturj/quotable",
  "WorkFolder": "_work"
}
[2025-01-20 04:37:04Z INFO MessageListener] Loading Credentials
[2025-01-20 04:37:04Z INFO ConfigurationStore] HasCredentials()
[2025-01-20 04:37:04Z INFO ConfigurationStore] stored True
[2025-01-20 04:37:04Z INFO CredentialManager] GetCredentialProvider
[2025-01-20 04:37:04Z INFO CredentialManager] Creating type OAuth
[2025-01-20 04:37:04Z INFO CredentialManager] Creating credential type: OAuth
[2025-01-20 04:37:04Z INFO HostContext] Well known directory 'Bin': '/Volumes/Projects/Chatur/Demo Application/quotes-api/actions-runner/bin'
[2025-01-20 04:37:04Z INFO HostContext] Well known directory 'Root': '/Volumes/Projects/Chatur/Demo Application/quotes-api/actions-runner'
[2025-01-20 04:37:04Z INFO HostContext] Well known config file 'RSACredentials': '/Volumes/Projects/Chatur/Demo Application/quotes-api/actions-runner/.credentials_rsaparams'
[2025-01-20 04:37:04Z INFO RSAFileKeyManager] Loading RSA key parameters from file /Volumes/Projects/Chatur/Demo Application/quotes-api/actions-runner/.credentials_rsaparams
[2025-01-20 04:37:04Z INFO MessageListener] Attempt to create session.
[2025-01-20 04:37:04Z INFO MessageListener] Connecting to the Runner Server...
[2025-01-20 04:37:04Z INFO RunnerServer] EstablishVssConnection
[2025-01-20 04:37:04Z INFO RunnerServer] Establish connection with 100 seconds timeout.
[2025-01-20 04:37:04Z INFO GitHubActionsService] Starting operation Location.GetConnectionData
[2025-01-20 04:37:04Z INFO RunnerServer] EstablishVssConnection
[2025-01-20 04:37:04Z INFO RunnerServer] Establish connection with 60 seconds timeout.
[2025-01-20 04:37:04Z INFO GitHubActionsService] Starting operation Location.GetConnectionData
[2025-01-20 04:37:04Z INFO RunnerServer] EstablishVssConnection
[2025-01-20 04:37:04Z INFO RunnerServer] Establish connection with 60 seconds timeout.
[2025-01-20 04:37:04Z INFO GitHubActionsService] Starting operation Location.GetConnectionData
[2025-01-20 04:37:05Z INFO GitHubActionsService] Finished operation Location.GetConnectionData
[2025-01-20 04:37:05Z INFO GitHubActionsService] Finished operation Location.GetConnectionData
[2025-01-20 04:37:05Z INFO GitHubActionsService] Finished operation Location.GetConnectionData
[2025-01-20 04:37:05Z INFO MessageListener] VssConnection created
[2025-01-20 04:37:05Z INFO Terminal] WRITE LINE: 
[2025-01-20 04:37:05Z INFO Terminal] WRITE LINE: 
[2025-01-20 04:37:06Z INFO RSAFileKeyManager] Loading RSA key parameters from file /Volumes/Projects/Chatur/Demo Application/quotes-api/actions-runner/.credentials_rsaparams
[2025-01-20 04:37:06Z INFO RSAFileKeyManager] Loading RSA key parameters from file /Volumes/Projects/Chatur/Demo Application/quotes-api/actions-runner/.credentials_rsaparams
[2025-01-20 04:37:07Z ERR  GitHubActionsService] POST request to https://tokenghub.actions.githubusercontent.com/_apis/oauth2/token/7cc3b8b6-e6bb-48d6-b883-0a0bff65b6c5 failed. HTTP Status: BadRequest
[2025-01-20 04:37:07Z INFO GitHubActionsService] AAD Correlation ID for this token request: Unknown
[2025-01-20 04:37:07Z ERR  MessageListener] Catch exception during create session.
[2025-01-20 04:37:07Z ERR  MessageListener] GitHub.Services.OAuth.VssOAuthTokenRequestException: Registration was not found or is not medium trust. ClientType: 
   at GitHub.Services.OAuth.VssOAuthTokenProvider.OnGetTokenAsync(IssuedToken failedToken, CancellationToken cancellationToken)
   at GitHub.Services.Common.IssuedTokenProvider.GetTokenOperation.GetTokenAsync(VssTraceActivity traceActivity)
   at GitHub.Services.Common.IssuedTokenProvider.GetTokenAsync(IssuedToken failedToken, CancellationToken cancellationToken)
   at GitHub.Services.Common.VssHttpMessageHandler.SendAsync(HttpRequestMessage request, CancellationToken cancellationToken)
   at GitHub.Services.Common.VssHttpRetryMessageHandler.SendAsync(HttpRequestMessage request, CancellationToken cancellationToken)
   at System.Net.Http.HttpClient.<SendAsync>g__Core|83_0(HttpRequestMessage request, HttpCompletionOption completionOption, CancellationTokenSource cts, Boolean disposeCts, CancellationTokenSource pendingRequestsCts, CancellationToken originalCancellationToken)
   at GitHub.Services.WebApi.VssHttpClientBase.SendAsync(HttpRequestMessage message, HttpCompletionOption completionOption, Object userState, CancellationToken cancellationToken)
   at GitHub.Services.WebApi.VssHttpClientBase.SendAsync[T](HttpRequestMessage message, Object userState, CancellationToken cancellationToken)
   at GitHub.Services.WebApi.VssHttpClientBase.SendAsync[T](HttpMethod method, IEnumerable`1 additionalHeaders, Guid locationId, Object routeValues, ApiResourceVersion version, HttpContent content, IEnumerable`1 queryParameters, Object userState, CancellationToken cancellationToken)
   at GitHub.Runner.Listener.MessageListener.CreateSessionAsync(CancellationToken token)
[2025-01-20 04:37:07Z ERR  MessageListener] Test oauth app registration.
[2025-01-20 04:37:07Z INFO RSAFileKeyManager] Loading RSA key parameters from file /Volumes/Projects/Chatur/Demo Application/quotes-api/actions-runner/.credentials_rsaparams
[2025-01-20 04:37:08Z ERR  GitHubActionsService] POST request to https://tokenghub.actions.githubusercontent.com/_apis/oauth2/token/7cc3b8b6-e6bb-48d6-b883-0a0bff65b6c5 failed. HTTP Status: BadRequest
[2025-01-20 04:37:08Z INFO GitHubActionsService] AAD Correlation ID for this token request: Unknown
[2025-01-20 04:37:08Z INFO MessageListener] Retriable exception: Registration was not found or is not medium trust. ClientType: 
[2025-01-20 04:37:08Z ERR  Terminal] WRITE ERROR: 2025-01-20 04:37:08Z: Runner connect error: Registration was not found or is not medium trust. ClientType: . Retrying until reconnected.
[2025-01-20 04:37:08Z INFO MessageListener] Sleeping for 30 seconds before retrying.
