[2025-01-20 04:27:17Z INFO HostContext] No proxy settings were found based on environmental variables (http_proxy/https_proxy/HTTP_PROXY/HTTPS_PROXY)
[2025-01-20 04:27:17Z INFO HostContext] Well known directory 'Bin': '/Volumes/Projects/Chatur/Demo Application/quotes-api/actions-runner/bin'
[2025-01-20 04:27:17Z INFO HostContext] Well known directory 'Root': '/Volumes/Projects/Chatur/Demo Application/quotes-api/actions-runner'
[2025-01-20 04:27:17Z INFO HostContext] Well known config file 'Credentials': '/Volumes/Projects/Chatur/Demo Application/quotes-api/actions-runner/.credentials'
[2025-01-20 04:27:17Z INFO HostContext] Well known directory 'Bin': '/Volumes/Projects/Chatur/Demo Application/quotes-api/actions-runner/bin'
[2025-01-20 04:27:17Z INFO HostContext] Well known directory 'Root': '/Volumes/Projects/Chatur/Demo Application/quotes-api/actions-runner'
[2025-01-20 04:27:17Z INFO HostContext] Well known config file 'Runner': '/Volumes/Projects/Chatur/Demo Application/quotes-api/actions-runner/.runner'
[2025-01-20 04:27:17Z INFO Listener] Runner is built for OSX (X64) - osx-x64.
[2025-01-20 04:27:17Z INFO Listener] RuntimeInformation: Darwin 24.1.0 Darwin Kernel Version 24.1.0: Thu Oct 10 21:02:45 PDT 2024; root:xnu-11215.41.3~2/RELEASE_ARM64_T8112.
[2025-01-20 04:27:18Z INFO Listener] Version: 2.321.0
[2025-01-20 04:27:18Z INFO Listener] Commit: e249007931b7c8e857797fa259c167f0bd4f997a
[2025-01-20 04:27:18Z INFO Listener] Culture: en-US
[2025-01-20 04:27:18Z INFO Listener] UI Culture: en-US
[2025-01-20 04:27:18Z INFO HostContext] Well known directory 'Bin': '/Volumes/Projects/Chatur/Demo Application/quotes-api/actions-runner/bin'
[2025-01-20 04:27:18Z INFO HostContext] Well known directory 'Root': '/Volumes/Projects/Chatur/Demo Application/quotes-api/actions-runner'
[2025-01-20 04:27:18Z INFO Listener] Validating directory permissions for: '/Volumes/Projects/Chatur/Demo Application/quotes-api/actions-runner'
[2025-01-20 04:27:18Z INFO CommandLineParser] Parse
[2025-01-20 04:27:18Z INFO CommandLineParser] Parsing 5 args
[2025-01-20 04:27:18Z INFO CommandLineParser] parsing argument
[2025-01-20 04:27:18Z INFO CommandLineParser] HasArgs: False
[2025-01-20 04:27:18Z INFO CommandLineParser] Adding Command: configure
[2025-01-20 04:27:18Z INFO CommandLineParser] parsing argument
[2025-01-20 04:27:18Z INFO CommandLineParser] HasArgs: True
[2025-01-20 04:27:18Z INFO CommandLineParser] arg: url
[2025-01-20 04:27:18Z INFO CommandLineParser] parsing argument
[2025-01-20 04:27:18Z INFO CommandLineParser] HasArgs: True
[2025-01-20 04:27:18Z INFO CommandLineParser] Adding option 'url': 'https://github.com/chaturj/quotable'
[2025-01-20 04:27:18Z INFO CommandLineParser] parsing argument
[2025-01-20 04:27:18Z INFO CommandLineParser] HasArgs: True
[2025-01-20 04:27:18Z INFO CommandLineParser] arg: token
[2025-01-20 04:27:18Z INFO CommandLineParser] parsing argument
[2025-01-20 04:27:18Z INFO CommandLineParser] HasArgs: True
[2025-01-20 04:27:18Z INFO CommandLineParser] Adding option 'token': '***'
[2025-01-20 04:27:18Z INFO Listener] Arguments parsed
[2025-01-20 04:27:18Z INFO Runner] ExecuteCommand
[2025-01-20 04:27:18Z INFO ConfigurationStore] currentAssemblyLocation: /Volumes/Projects/Chatur/Demo Application/quotes-api/actions-runner/bin/Runner.Listener.dll
[2025-01-20 04:27:18Z INFO HostContext] Well known directory 'Bin': '/Volumes/Projects/Chatur/Demo Application/quotes-api/actions-runner/bin'
[2025-01-20 04:27:18Z INFO ConfigurationStore] binPath: /Volumes/Projects/Chatur/Demo Application/quotes-api/actions-runner/bin
[2025-01-20 04:27:18Z INFO HostContext] Well known directory 'Bin': '/Volumes/Projects/Chatur/Demo Application/quotes-api/actions-runner/bin'
[2025-01-20 04:27:18Z INFO HostContext] Well known directory 'Root': '/Volumes/Projects/Chatur/Demo Application/quotes-api/actions-runner'
[2025-01-20 04:27:18Z INFO ConfigurationStore] RootFolder: /Volumes/Projects/Chatur/Demo Application/quotes-api/actions-runner
[2025-01-20 04:27:18Z INFO HostContext] Well known directory 'Bin': '/Volumes/Projects/Chatur/Demo Application/quotes-api/actions-runner/bin'
[2025-01-20 04:27:18Z INFO HostContext] Well known directory 'Root': '/Volumes/Projects/Chatur/Demo Application/quotes-api/actions-runner'
[2025-01-20 04:27:18Z INFO HostContext] Well known config file 'Runner': '/Volumes/Projects/Chatur/Demo Application/quotes-api/actions-runner/.runner'
[2025-01-20 04:27:18Z INFO ConfigurationStore] ConfigFilePath: /Volumes/Projects/Chatur/Demo Application/quotes-api/actions-runner/.runner
[2025-01-20 04:27:18Z INFO HostContext] Well known directory 'Bin': '/Volumes/Projects/Chatur/Demo Application/quotes-api/actions-runner/bin'
[2025-01-20 04:27:18Z INFO HostContext] Well known directory 'Root': '/Volumes/Projects/Chatur/Demo Application/quotes-api/actions-runner'
[2025-01-20 04:27:18Z INFO HostContext] Well known config file 'Credentials': '/Volumes/Projects/Chatur/Demo Application/quotes-api/actions-runner/.credentials'
[2025-01-20 04:27:18Z INFO ConfigurationStore] CredFilePath: /Volumes/Projects/Chatur/Demo Application/quotes-api/actions-runner/.credentials
[2025-01-20 04:27:18Z INFO HostContext] Well known directory 'Bin': '/Volumes/Projects/Chatur/Demo Application/quotes-api/actions-runner/bin'
[2025-01-20 04:27:18Z INFO HostContext] Well known directory 'Root': '/Volumes/Projects/Chatur/Demo Application/quotes-api/actions-runner'
[2025-01-20 04:27:18Z INFO HostContext] Well known config file 'MigratedCredentials': '/Volumes/Projects/Chatur/Demo Application/quotes-api/actions-runner/.credentials_migrated'
[2025-01-20 04:27:18Z INFO ConfigurationStore] MigratedCredFilePath: /Volumes/Projects/Chatur/Demo Application/quotes-api/actions-runner/.credentials_migrated
[2025-01-20 04:27:18Z INFO HostContext] Well known directory 'Bin': '/Volumes/Projects/Chatur/Demo Application/quotes-api/actions-runner/bin'
[2025-01-20 04:27:18Z INFO HostContext] Well known directory 'Root': '/Volumes/Projects/Chatur/Demo Application/quotes-api/actions-runner'
[2025-01-20 04:27:18Z INFO HostContext] Well known config file 'Service': '/Volumes/Projects/Chatur/Demo Application/quotes-api/actions-runner/.service'
[2025-01-20 04:27:18Z INFO ConfigurationStore] ServiceConfigFilePath: /Volumes/Projects/Chatur/Demo Application/quotes-api/actions-runner/.service
[2025-01-20 04:27:18Z INFO CommandSettings] Flag 'help': 'False'
[2025-01-20 04:27:18Z INFO CommandSettings] Flag 'version': 'False'
[2025-01-20 04:27:18Z INFO CommandSettings] Flag 'commit': 'False'
[2025-01-20 04:27:18Z INFO CommandSettings] Flag 'check': 'False'
[2025-01-20 04:27:18Z INFO CommandSettings] Command 'configure': 'True'
[2025-01-20 04:27:18Z INFO Terminal] WRITE LINE: 
[2025-01-20 04:27:18Z INFO Terminal] WRITE LINE: --------------------------------------------------------------------------------
[2025-01-20 04:27:18Z INFO Terminal] WRITE LINE: |        ____ _ _   _   _       _          _        _   _                      |
[2025-01-20 04:27:18Z INFO Terminal] WRITE LINE: |       / ___(_) |_| | | |_   _| |__      / \   ___| |_(_) ___  _ __  ___      |
[2025-01-20 04:27:18Z INFO Terminal] WRITE LINE: |      | |  _| | __| |_| | | | | '_ \    / _ \ / __| __| |/ _ \| '_ \/ __|     |
[2025-01-20 04:27:18Z INFO Terminal] WRITE LINE: |      | |_| | | |_|  _  | |_| | |_) |  / ___ \ (__| |_| | (_) | | | \__ \     |
[2025-01-20 04:27:18Z INFO Terminal] WRITE LINE: |       \____|_|\__|_| |_|\__,_|_.__/  /_/   \_\___|\__|_|\___/|_| |_|___/     |
[2025-01-20 04:27:18Z INFO Terminal] WRITE LINE: |                                                                              |
[2025-01-20 04:27:18Z INFO Terminal] WRITE: |                       
[2025-01-20 04:27:18Z INFO Terminal] WRITE: Self-hosted runner registration
[2025-01-20 04:27:18Z INFO Terminal] WRITE LINE:                         |
[2025-01-20 04:27:18Z INFO Terminal] WRITE LINE: |                                                                              |
[2025-01-20 04:27:18Z INFO Terminal] WRITE LINE: --------------------------------------------------------------------------------
[2025-01-20 04:27:18Z INFO ConfigurationManager] ConfigureAsync
[2025-01-20 04:27:18Z INFO CommandSettings] Flag 'generateServiceConfig': 'False'
[2025-01-20 04:27:18Z INFO ConfigurationStore] IsConfigured()
[2025-01-20 04:27:18Z INFO ConfigurationStore] IsConfigured: False
[2025-01-20 04:27:18Z INFO ConfigurationManager] Is configured: False
[2025-01-20 04:27:18Z INFO CommandSettings] Arg 'url': 'https://github.com/chaturj/quotable'
[2025-01-20 04:27:18Z INFO CommandSettings] Remove url from Arg dictionary.
[2025-01-20 04:27:18Z INFO CommandSettings] Arg 'token': '***'
[2025-01-20 04:27:18Z INFO CommandSettings] Remove token from Arg dictionary.
[2025-01-20 04:27:24Z INFO ConfigurationManager] Http response code: OK from 'POST https://api.github.com/actions/runner-registration' (C465:32BC88:168F3E:1FFC45:678DD0AB)
[2025-01-20 04:27:24Z INFO ConfigurationManager] Using V2 flow: False
[2025-01-20 04:27:24Z INFO ConfigurationManager] cred retrieved via GitHub auth
[2025-01-20 04:27:24Z INFO RunnerServer] EstablishVssConnection
[2025-01-20 04:27:24Z INFO RunnerServer] Establish connection with 100 seconds timeout.
[2025-01-20 04:27:26Z INFO GitHubActionsService] Starting operation Location.GetConnectionData
[2025-01-20 04:27:26Z INFO RunnerServer] EstablishVssConnection
[2025-01-20 04:27:26Z INFO RunnerServer] Establish connection with 60 seconds timeout.
[2025-01-20 04:27:26Z INFO GitHubActionsService] Starting operation Location.GetConnectionData
[2025-01-20 04:27:26Z INFO RunnerServer] EstablishVssConnection
[2025-01-20 04:27:26Z INFO RunnerServer] Establish connection with 60 seconds timeout.
[2025-01-20 04:27:26Z INFO GitHubActionsService] Starting operation Location.GetConnectionData
[2025-01-20 04:27:28Z INFO GitHubActionsService] Finished operation Location.GetConnectionData
[2025-01-20 04:27:28Z INFO GitHubActionsService] Finished operation Location.GetConnectionData
[2025-01-20 04:27:28Z INFO GitHubActionsService] Finished operation Location.GetConnectionData
[2025-01-20 04:27:28Z INFO Terminal] WRITE LINE: 
[2025-01-20 04:27:28Z INFO ConfigurationManager] Test Connection complete.
[2025-01-20 04:27:28Z INFO HostContext] Well known directory 'Bin': '/Volumes/Projects/Chatur/Demo Application/quotes-api/actions-runner/bin'
[2025-01-20 04:27:28Z INFO HostContext] Well known directory 'Root': '/Volumes/Projects/Chatur/Demo Application/quotes-api/actions-runner'
[2025-01-20 04:27:28Z INFO HostContext] Well known config file 'RSACredentials': '/Volumes/Projects/Chatur/Demo Application/quotes-api/actions-runner/.credentials_rsaparams'
[2025-01-20 04:27:28Z INFO RSAFileKeyManager] Creating new RSA key using 2048-bit key length
[2025-01-20 04:27:28Z INFO RSAFileKeyManager] Successfully saved RSA key parameters to file /Volumes/Projects/Chatur/Demo Application/quotes-api/actions-runner/.credentials_rsaparams
[2025-01-20 04:27:28Z INFO RSAFileKeyManager] Which2: 'chmod'
[2025-01-20 04:27:28Z INFO RSAFileKeyManager] Location: '/bin/chmod'
[2025-01-20 04:27:28Z INFO HostContext] Well known directory 'Bin': '/Volumes/Projects/Chatur/Demo Application/quotes-api/actions-runner/bin'
[2025-01-20 04:27:28Z INFO HostContext] Well known directory 'Root': '/Volumes/Projects/Chatur/Demo Application/quotes-api/actions-runner'
[2025-01-20 04:27:28Z INFO ProcessInvokerWrapper] Starting process:
[2025-01-20 04:27:28Z INFO ProcessInvokerWrapper]   File name: '/bin/chmod'
[2025-01-20 04:27:28Z INFO ProcessInvokerWrapper]   Arguments: '600 /Volumes/Projects/Chatur/Demo Application/quotes-api/actions-runner/.credentials_rsaparams'
[2025-01-20 04:27:28Z INFO ProcessInvokerWrapper]   Working directory: '/Volumes/Projects/Chatur/Demo Application/quotes-api/actions-runner'
[2025-01-20 04:27:28Z INFO ProcessInvokerWrapper]   Require exit code zero: 'False'
[2025-01-20 04:27:28Z INFO ProcessInvokerWrapper]   Encoding web name:  ; code page: ''
[2025-01-20 04:27:28Z INFO ProcessInvokerWrapper]   Force kill process on cancellation: 'False'
[2025-01-20 04:27:28Z INFO ProcessInvokerWrapper]   Redirected STDIN: 'False'
[2025-01-20 04:27:28Z INFO ProcessInvokerWrapper]   Persist current code page: 'False'
[2025-01-20 04:27:28Z INFO ProcessInvokerWrapper]   Keep redirected STDIN open: 'False'
[2025-01-20 04:27:28Z INFO ProcessInvokerWrapper]   High priority process: 'False'
[2025-01-20 04:27:29Z INFO ProcessInvokerWrapper] Process started with process id 3998, waiting for process exit.
[2025-01-20 04:27:29Z INFO ProcessInvokerWrapper] STDOUT/STDERR stream read finished.
[2025-01-20 04:27:29Z INFO ProcessInvokerWrapper] STDOUT/STDERR stream read finished.
[2025-01-20 04:27:29Z INFO ProcessInvokerWrapper] Finished process 3998 with exit code 1, and elapsed time 00:00:00.4001572.
[2025-01-20 04:27:29Z WARN RSAFileKeyManager] Unable to succesfully set permissions for RSA key parameters file /Volumes/Projects/Chatur/Demo Application/quotes-api/actions-runner/.credentials_rsaparams. Received exit code 1 from /bin/chmod
[2025-01-20 04:27:29Z INFO CommandSettings] Arg 'runnergroup': ''
[2025-01-20 04:27:29Z INFO CommandSettings] Flag 'unattended': 'False'
[2025-01-20 04:27:29Z INFO PromptManager] ReadValue
[2025-01-20 04:27:29Z INFO Terminal] WRITE: Enter the name of the runner group to add this runner to: 
[2025-01-20 04:27:29Z INFO Terminal] WRITE: [press Enter for Default] 
[2025-01-20 04:27:29Z INFO Terminal] READ LINE
[2025-01-20 04:27:36Z INFO Terminal] Read value: ''
[2025-01-20 04:27:36Z INFO PromptManager] Falling back to the default: 'Default'
[2025-01-20 04:27:36Z INFO Terminal] WRITE LINE: 
[2025-01-20 04:27:36Z INFO ConfigurationManager] Found a self-hosted runner group with id 1 and name Default
[2025-01-20 04:27:36Z INFO CommandSettings] Flag 'disableupdate': 'False'
[2025-01-20 04:27:36Z INFO CommandSettings] Flag 'ephemeral': 'False'
[2025-01-20 04:27:36Z INFO CommandSettings] Arg 'name': ''
[2025-01-20 04:27:36Z INFO CommandSettings] Flag 'unattended': 'False'
[2025-01-20 04:27:36Z INFO PromptManager] ReadValue
[2025-01-20 04:27:36Z INFO Terminal] WRITE: Enter the name of runner: 
[2025-01-20 04:27:36Z INFO Terminal] WRITE: [press Enter for 192] 
[2025-01-20 04:27:36Z INFO Terminal] READ LINE
[2025-01-20 04:27:48Z INFO Terminal] Read value: '192'
[2025-01-20 04:27:48Z INFO Terminal] WRITE LINE: 
[2025-01-20 04:27:48Z INFO CommandSettings] Arg 'labels': ''
[2025-01-20 04:27:48Z INFO CommandSettings] Flag 'unattended': 'False'
[2025-01-20 04:27:48Z INFO PromptManager] ReadValue
[2025-01-20 04:27:48Z INFO Terminal] WRITE: This runner will have the following labels: 'self-hosted', 'macOS', 'X64' 
Enter any additional labels (ex. label-1,label-2): 
[2025-01-20 04:27:48Z INFO Terminal] WRITE: [press Enter to skip] 
[2025-01-20 04:27:48Z INFO Terminal] READ LINE
[2025-01-20 04:27:55Z INFO Terminal] Read value: ''
[2025-01-20 04:27:55Z INFO Terminal] WRITE LINE: 
[2025-01-20 04:27:55Z INFO CommandSettings] Flag 'disableupdate': 'False'
[2025-01-20 04:27:55Z INFO CommandSettings] Flag 'no-default-labels': 'False'
[2025-01-20 04:27:55Z INFO CommandSettings] Flag 'disableupdate': 'False'
[2025-01-20 04:27:55Z INFO CommandSettings] Flag 'ephemeral': 'False'
[2025-01-20 04:27:55Z INFO ConfigurationStore] Saving OAuth credential @ /Volumes/Projects/Chatur/Demo Application/quotes-api/actions-runner/.credentials
[2025-01-20 04:27:55Z INFO ConfigurationStore] Credentials Saved.
[2025-01-20 04:27:55Z INFO ConfigurationStore] HasCredentials()
[2025-01-20 04:27:55Z INFO ConfigurationStore] stored True
[2025-01-20 04:27:55Z INFO CredentialManager] GetCredentialProvider
[2025-01-20 04:27:55Z INFO CredentialManager] Creating type OAuth
[2025-01-20 04:27:55Z INFO CredentialManager] Creating credential type: OAuth
[2025-01-20 04:27:55Z INFO RSAFileKeyManager] Loading RSA key parameters from file /Volumes/Projects/Chatur/Demo Application/quotes-api/actions-runner/.credentials_rsaparams
[2025-01-20 04:27:56Z INFO RunnerServer] EstablishVssConnection
[2025-01-20 04:27:56Z INFO RunnerServer] Establish connection with 100 seconds timeout.
[2025-01-20 04:27:56Z INFO GitHubActionsService] Starting operation Location.GetConnectionData
[2025-01-20 04:27:56Z INFO RunnerServer] EstablishVssConnection
[2025-01-20 04:27:56Z INFO RunnerServer] Establish connection with 60 seconds timeout.
[2025-01-20 04:27:56Z INFO GitHubActionsService] Starting operation Location.GetConnectionData
[2025-01-20 04:27:56Z INFO RunnerServer] EstablishVssConnection
[2025-01-20 04:27:56Z INFO RunnerServer] Establish connection with 60 seconds timeout.
[2025-01-20 04:27:56Z INFO GitHubActionsService] Starting operation Location.GetConnectionData
[2025-01-20 04:27:57Z INFO GitHubActionsService] Finished operation Location.GetConnectionData
[2025-01-20 04:27:57Z INFO GitHubActionsService] Finished operation Location.GetConnectionData
[2025-01-20 04:27:57Z INFO GitHubActionsService] Finished operation Location.GetConnectionData
[2025-01-20 04:27:57Z INFO RSAFileKeyManager] Loading RSA key parameters from file /Volumes/Projects/Chatur/Demo Application/quotes-api/actions-runner/.credentials_rsaparams
[2025-01-20 04:27:57Z INFO RSAFileKeyManager] Loading RSA key parameters from file /Volumes/Projects/Chatur/Demo Application/quotes-api/actions-runner/.credentials_rsaparams
[2025-01-20 04:27:58Z INFO GitHubActionsService] AAD Correlation ID for this token request: Unknown
[2025-01-20 04:27:58Z INFO CommandSettings] Arg 'work': ''
[2025-01-20 04:27:58Z INFO CommandSettings] Flag 'unattended': 'False'
[2025-01-20 04:27:58Z INFO PromptManager] ReadValue
[2025-01-20 04:27:58Z INFO Terminal] WRITE: Enter name of work folder: 
[2025-01-20 04:27:58Z INFO Terminal] WRITE: [press Enter for _work] 
[2025-01-20 04:27:58Z INFO Terminal] READ LINE
[2025-01-20 04:28:17Z INFO Terminal] Read value: '_work'
[2025-01-20 04:28:17Z INFO ConfigurationStore] Saving runner settings.
[2025-01-20 04:28:17Z INFO ConfigurationStore] Settings Saved.
[2025-01-20 04:28:17Z INFO Terminal] WRITE LINE: 
[2025-01-20 04:28:17Z INFO Terminal] WRITE LINE: 
[2025-01-20 04:28:17Z INFO OsxServiceControlManager] Service name 'actions.runner.chaturj-quotable.192' display name 'GitHub Actions Runner (chaturj-quotable.192)' will be used for service configuration.
[2025-01-20 04:28:17Z INFO HostContext] Well known directory 'Bin': '/Volumes/Projects/Chatur/Demo Application/quotes-api/actions-runner/bin'
[2025-01-20 04:28:17Z INFO HostContext] Well known directory 'Root': '/Volumes/Projects/Chatur/Demo Application/quotes-api/actions-runner'
[2025-01-20 04:28:17Z INFO HostContext] Well known directory 'Bin': '/Volumes/Projects/Chatur/Demo Application/quotes-api/actions-runner/bin'
[2025-01-20 04:28:17Z INFO HostContext] Well known directory 'Bin': '/Volumes/Projects/Chatur/Demo Application/quotes-api/actions-runner/bin'
[2025-01-20 04:28:17Z INFO HostContext] Well known directory 'Root': '/Volumes/Projects/Chatur/Demo Application/quotes-api/actions-runner'
[2025-01-20 04:28:17Z INFO UnixUtil] Which2: 'chmod'
[2025-01-20 04:28:17Z INFO UnixUtil] Location: '/bin/chmod'
[2025-01-20 04:28:17Z INFO UnixUtil] Running /bin/chmod 755 "/Volumes/Projects/Chatur/Demo Application/quotes-api/actions-runner/svc.sh"
[2025-01-20 04:28:17Z INFO ProcessInvokerWrapper] Starting process:
[2025-01-20 04:28:17Z INFO ProcessInvokerWrapper]   File name: '/bin/chmod'
[2025-01-20 04:28:17Z INFO ProcessInvokerWrapper]   Arguments: '755 "/Volumes/Projects/Chatur/Demo Application/quotes-api/actions-runner/svc.sh"'
[2025-01-20 04:28:17Z INFO ProcessInvokerWrapper]   Working directory: '/Volumes/Projects/Chatur/Demo Application/quotes-api/actions-runner'
[2025-01-20 04:28:17Z INFO ProcessInvokerWrapper]   Require exit code zero: 'True'
[2025-01-20 04:28:17Z INFO ProcessInvokerWrapper]   Encoding web name:  ; code page: ''
[2025-01-20 04:28:17Z INFO ProcessInvokerWrapper]   Force kill process on cancellation: 'False'
[2025-01-20 04:28:17Z INFO ProcessInvokerWrapper]   Redirected STDIN: 'False'
[2025-01-20 04:28:17Z INFO ProcessInvokerWrapper]   Persist current code page: 'False'
[2025-01-20 04:28:17Z INFO ProcessInvokerWrapper]   Keep redirected STDIN open: 'False'
[2025-01-20 04:28:17Z INFO ProcessInvokerWrapper]   High priority process: 'False'
[2025-01-20 04:28:17Z INFO ProcessInvokerWrapper] Process started with process id 4031, waiting for process exit.
[2025-01-20 04:28:17Z INFO ProcessInvokerWrapper] STDOUT/STDERR stream read finished.
[2025-01-20 04:28:17Z INFO ProcessInvokerWrapper] STDOUT/STDERR stream read finished.
[2025-01-20 04:28:17Z INFO ProcessInvokerWrapper] Finished process 4031 with exit code 0, and elapsed time 00:00:00.0327508.
[2025-01-20 04:28:17Z INFO Listener] Runner execution has finished with return code 0
